-------------------------------------------------------------------------------
Test set: com.need.api.needapi.controller.NeedControllerTest
-------------------------------------------------------------------------------
Tests run: 16, Failures: 1, Errors: 0, Skipped: 0, Time elapsed: 0.579 s <<< FAILURE! - in com.need.api.needapi.controller.NeedControllerTest
testCreateNeedFailed  Time elapsed: 0.012 s  <<< FAILURE!
org.opentest4j.AssertionFailedError: expected: <409 CONFLICT> but was: <201 CREATED>
	at com.need.api.needapi.controller.NeedControllerTest.testCreateNeedFailed(NeedControllerTest.java:116)

