-------------------------------------------------------------------------------
Test set: com.need.api.needapi.controller.FundingBasketControllerTest
-------------------------------------------------------------------------------
Tests run: 16, Failures: 1, Errors: 0, Skipped: 0, Time elapsed: 0.039 s <<< FAILURE! - in com.need.api.needapi.controller.FundingBasketControllerTest
testcreateFundingBasketFailed  Time elapsed: 0.002 s  <<< FAILURE!
org.opentest4j.AssertionFailedError: expected: <409 CONFLICT> but was: <201 CREATED>
	at com.need.api.needapi.controller.FundingBasketControllerTest.testcreateFundingBasketFailed(FundingBasketControllerTest.java:118)

