-------------------------------------------------------------------------------
Test set: com.need.api.needapi.NeedsApiApplicationTests
-------------------------------------------------------------------------------
Tests run: 1, Failures: 0, Errors: 1, Skipped: 0, Time elapsed: 2.946 s <<< FAILURE! - in com.need.api.needapi.NeedsApiApplicationTests
testContextLoads  Time elapsed: 0 s  <<< ERROR!
java.lang.IllegalStateException: Failed to load ApplicationContext
Caused by: org.springframework.beans.factory.UnsatisfiedDependencyException: 
Error creating bean with name 'fundingBasketController' defined in file [C:\Users\brija\team-project-2235-swen-261-04-g-team7\Homie_Helper\target\classes\com\need\api\needapi\controller\FundingBasketController.class]: Unsatisfied dependency expressed through constructor parameter 0; nested exception is org.springframework.beans.factory.BeanCreationException: Error creating bean with name 'fundingBasketFileDAO' defined in file [C:\Users\brija\team-project-2235-swen-261-04-g-team7\Homie_Helper\target\classes\com\need\api\needapi\persistence\FundingBasketFileDAO.class]: Bean instantiation via constructor failed; nested exception is org.springframework.beans.BeanInstantiationException: Failed to instantiate [com.need.api.needapi.persistence.FundingBasketFileDAO]: Constructor threw exception; nested exception is com.fasterxml.jackson.databind.exc.MismatchedInputException: No content to map due to end-of-input
 at [Source: (File); line: 1, column: 0]
Caused by: org.springframework.beans.factory.BeanCreationException: 
Error creating bean with name 'fundingBasketFileDAO' defined in file [C:\Users\brija\team-project-2235-swen-261-04-g-team7\Homie_Helper\target\classes\com\need\api\needapi\persistence\FundingBasketFileDAO.class]: Bean instantiation via constructor failed; nested exception is org.springframework.beans.BeanInstantiationException: Failed to instantiate [com.need.api.needapi.persistence.FundingBasketFileDAO]: Constructor threw exception; nested exception is com.fasterxml.jackson.databind.exc.MismatchedInputException: No content to map due to end-of-input
 at [Source: (File); line: 1, column: 0]
Caused by: org.springframework.beans.BeanInstantiationException: 
Failed to instantiate [com.need.api.needapi.persistence.FundingBasketFileDAO]: Constructor threw exception; nested exception is com.fasterxml.jackson.databind.exc.MismatchedInputException: No content to map due to end-of-input
 at [Source: (File); line: 1, column: 0]
Caused by: com.fasterxml.jackson.databind.exc.MismatchedInputException: 
No content to map due to end-of-input
 at [Source: (File); line: 1, column: 0]

